<?xml version="1.0" encoding="UTF-8"?>
<!-- Generated by org.testng.reporters.JUnitReportReporter -->
<testsuite hostname="LAPTOP-PA83I7AP" failures="0" tests="1" name="com.app.ui.tests.Test_Application_GuitarInventory" time="10.640" errors="0" timestamp="2021-01-28T18:28:55 CST" skipped="0">
  <testcase classname="com.app.ui.tests.Test_Application_GuitarInventory" name="Test_Application_GI_Batman" time="10.640"/>
  <system-out/>
</testsuite> <!-- com.app.ui.tests.Test_Application_GuitarInventory -->
