<?xml version="1.0" encoding="UTF-8"?>
<!-- Generated by org.testng.reporters.JUnitReportReporter -->
<testsuite hostname="LAPTOP-PA83I7AP" failures="0" tests="1" name="com.app.ui.tests.AppSeleniumTest" time="0.465" errors="0" timestamp="2021-01-27T19:39:30 CST" skipped="0">
  <testcase classname="com.app.ui.tests.AppSeleniumTest" name="seleniumTest" time="0.465"/>
  <system-out/>
</testsuite> <!-- com.app.ui.tests.AppSeleniumTest -->
