<?xml version="1.0" encoding="UTF-8"?>
<!-- Generated by org.testng.reporters.JUnitReportReporter -->
<testsuite hostname="LAPTOP-PA83I7AP" failures="0" tests="2" name="com.app.ui.tests.Test_Application_GuitarInventory" time="19.965" errors="0" timestamp="2021-01-28T18:16:49 CST" skipped="0">
  <testcase classname="com.app.ui.tests.Test_Application_GuitarInventory" name="Test_Application_GI_Batman" time="11.886"/>
  <system-out/>
  <testcase classname="com.app.ui.tests.Test_Application_GuitarInventory" name="Test_Application_GI_Superman" time="8.079"/>
  <system-out/>
</testsuite> <!-- com.app.ui.tests.Test_Application_GuitarInventory -->
